2026-01-23 16:44:10,722 - variable_transformation_technique - INFO - standard_scaling started
2026-01-23 16:44:10,724 - variable_transformation_technique - INFO - Before X_train Data :       SeniorCitizen
3772              0
5191              0
5226              0
5390              1
860               0
2026-01-23 16:44:10,726 - variable_transformation_technique - INFO - Before X_test Data :       SeniorCitizen
6366              0
315               0
2439              0
5002              0
1161              0
2026-01-23 16:44:10,728 - variable_transformation_technique - INFO - standard_scaling Completed
2026-01-23 16:44:10,730 - variable_transformation_technique - INFO - After X_train Data :       SeniorCitizen
3772      -0.437749
5191      -0.437749
5226      -0.437749
5390       2.284413
860       -0.437749
2026-01-23 16:44:10,732 - variable_transformation_technique - INFO - After X_test Data :       SeniorCitizen
6366      -0.437749
315       -0.437749
2439      -0.437749
5002      -0.437749
1161      -0.437749
2026-01-23 16:44:10,734 - variable_transformation_technique - INFO - MinMax Scaling started
2026-01-23 16:44:10,736 - variable_transformation_technique - INFO - Before X_train Data :       SeniorCitizen
3772              0
5191              0
5226              0
5390              1
860               0
2026-01-23 16:44:10,739 - variable_transformation_technique - INFO - Before X_test Data :       SeniorCitizen
6366              0
315               0
2439              0
5002              0
1161              0
2026-01-23 16:44:10,741 - variable_transformation_technique - INFO - MinMax Scaling Completed
2026-01-23 16:44:10,745 - variable_transformation_technique - INFO - After X_train Data :       SeniorCitizen
3772            0.0
5191            0.0
5226            0.0
5390            1.0
860             0.0
2026-01-23 16:44:10,747 - variable_transformation_technique - INFO - After X_test Data :       SeniorCitizen
6366            0.0
315             0.0
2439            0.0
5002            0.0
1161            0.0
2026-01-23 16:44:10,748 - variable_transformation_technique - INFO - robust_scaling started
2026-01-23 16:44:10,750 - variable_transformation_technique - INFO - Before X_train Data :       SeniorCitizen
3772              0
5191              0
5226              0
5390              1
860               0
2026-01-23 16:44:10,752 - variable_transformation_technique - INFO - Before X_test Data :       SeniorCitizen
6366              0
315               0
2439              0
5002              0
1161              0
2026-01-23 16:44:10,754 - variable_transformation_technique - INFO - robust_scaling Completed
2026-01-23 16:44:10,756 - variable_transformation_technique - INFO - After X_train Data :       SeniorCitizen
3772            0.0
5191            0.0
5226            0.0
5390            1.0
860             0.0
2026-01-23 16:44:10,758 - variable_transformation_technique - INFO - After X_test Data :       SeniorCitizen
6366            0.0
315             0.0
2439            0.0
5002            0.0
1161            0.0
2026-01-23 16:44:10,760 - variable_transformation_technique - INFO - log_transform started
2026-01-23 16:44:10,762 - variable_transformation_technique - INFO - Before X_train Data :       SeniorCitizen
3772              0
5191              0
5226              0
5390              1
860               0
2026-01-23 16:44:10,764 - variable_transformation_technique - INFO - Before X_test Data :       SeniorCitizen
6366              0
315               0
2439              0
5002              0
1161              0
2026-01-23 16:44:10,764 - variable_transformation_technique - INFO - log_transform completed
2026-01-23 16:44:10,766 - variable_transformation_technique - INFO - After X_train Data :       SeniorCitizen
3772       0.000000
5191       0.000000
5226       0.000000
5390       0.693147
860        0.000000
2026-01-23 16:44:10,768 - variable_transformation_technique - INFO - After X_test Data :       SeniorCitizen
6366            0.0
315             0.0
2439            0.0
5002            0.0
1161            0.0
2026-01-23 16:44:10,770 - variable_transformation_technique - INFO - power_transform started
2026-01-23 16:44:10,771 - variable_transformation_technique - INFO - Before X_train Data :       SeniorCitizen
3772              0
5191              0
5226              0
5390              1
860               0
2026-01-23 16:44:10,773 - variable_transformation_technique - INFO - Before X_test Data :       SeniorCitizen
6366              0
315               0
2439              0
5002              0
1161              0
2026-01-23 16:44:10,784 - variable_transformation_technique - INFO - power_transform Completed
2026-01-23 16:44:10,786 - variable_transformation_technique - INFO - After X_train Data :       SeniorCitizen
3772      -0.437749
5191      -0.437749
5226      -0.437749
5390       2.284413
860       -0.437749
2026-01-23 16:44:10,788 - variable_transformation_technique - INFO - After X_test Data :       SeniorCitizen
6366      -0.437749
315       -0.437749
2439      -0.437749
5002      -0.437749
1161      -0.437749
2026-01-23 16:44:10,789 - variable_transformation_technique - INFO - boxcox_transform started
2026-01-23 16:44:10,791 - variable_transformation_technique - INFO - Before X_train Data :       SeniorCitizen
3772              0
5191              0
5226              0
5390              1
860               0
2026-01-23 16:44:10,793 - variable_transformation_technique - INFO - Before X_test Data :       SeniorCitizen
6366              0
315               0
2439              0
5002              0
1161              0
2026-01-23 16:44:10,794 - variable_transformation_technique - INFO - boxcox_transform completed
2026-01-23 16:44:10,796 - variable_transformation_technique - INFO - After X_train Data :       SeniorCitizen
3772              0
5191              0
5226              0
5390              1
860               0
2026-01-23 16:44:10,797 - variable_transformation_technique - INFO - After X_test Data :       SeniorCitizen
6366              0
315               0
2439              0
5002              0
1161              0
2026-01-23 16:44:10,799 - variable_transformation_technique - INFO - quantile_transform started
2026-01-23 16:44:10,800 - variable_transformation_technique - INFO - Before X_train Data :       SeniorCitizen
3772              0
5191              0
5226              0
5390              1
860               0
2026-01-23 16:44:10,802 - variable_transformation_technique - INFO - Before X_test Data :       SeniorCitizen
6366              0
315               0
2439              0
5002              0
1161              0
2026-01-23 16:44:10,806 - variable_transformation_technique - INFO - quantile_transform Completed
2026-01-23 16:44:10,808 - variable_transformation_technique - INFO - After X_train Data :       SeniorCitizen
3772      -5.199338
5191      -5.199338
5226      -5.199338
5390       5.199338
860       -5.199338
2026-01-23 16:44:10,810 - variable_transformation_technique - INFO - After X_test Data :       SeniorCitizen
6366      -5.199338
315       -5.199338
2439      -5.199338
5002      -5.199338
1161      -5.199338
2026-01-23 16:44:10,811 - variable_transformation_technique - INFO - log_transform started
2026-01-23 16:44:10,813 - variable_transformation_technique - INFO - Before X_train Data :       SeniorCitizen
3772              0
5191              0
5226              0
5390              1
860               0
2026-01-23 16:44:10,815 - variable_transformation_technique - INFO - Before X_test Data :       SeniorCitizen
6366              0
315               0
2439              0
5002              0
1161              0
2026-01-23 16:44:10,815 - variable_transformation_technique - INFO - log_transform completed
2026-01-23 16:44:10,817 - variable_transformation_technique - INFO - After X_train Data :       SeniorCitizen
3772       0.000000
5191       0.000000
5226       0.000000
5390       0.693147
860        0.000000
2026-01-23 16:44:10,819 - variable_transformation_technique - INFO - After X_test Data :       SeniorCitizen
6366            0.0
315             0.0
2439            0.0
5002            0.0
1161            0.0
2026-01-23 16:44:10,820 - variable_transformation_technique - INFO - standard_scaling started
2026-01-23 16:44:10,822 - variable_transformation_technique - INFO - Before X_train Data :       tenure
3772       1
5191      23
5226      12
5390      12
860       26
2026-01-23 16:44:10,824 - variable_transformation_technique - INFO - Before X_test Data :       tenure
6366      64
315       51
2439      17
5002      69
1161       1
2026-01-23 16:44:10,825 - variable_transformation_technique - INFO - standard_scaling Completed
2026-01-23 16:44:10,827 - variable_transformation_technique - INFO - After X_train Data :         tenure
3772 -1.284605
5191 -0.383791
5226 -0.834198
5390 -0.834198
860  -0.260953
2026-01-23 16:44:10,829 - variable_transformation_technique - INFO - After X_test Data :         tenure
6366  1.294997
315   0.762699
2439 -0.629468
5002  1.499728
1161 -1.284605
2026-01-23 16:44:10,831 - variable_transformation_technique - INFO - MinMax Scaling started
2026-01-23 16:44:10,832 - variable_transformation_technique - INFO - Before X_train Data :       tenure
3772       1
5191      23
5226      12
5390      12
860       26
2026-01-23 16:44:10,834 - variable_transformation_technique - INFO - Before X_test Data :       tenure
6366      64
315       51
2439      17
5002      69
1161       1
2026-01-23 16:44:10,836 - variable_transformation_technique - INFO - MinMax Scaling Completed
2026-01-23 16:44:10,838 - variable_transformation_technique - INFO - After X_train Data :         tenure
3772  0.013889
5191  0.319444
5226  0.166667
5390  0.166667
860   0.361111
2026-01-23 16:44:10,840 - variable_transformation_technique - INFO - After X_test Data :         tenure
6366  0.888889
315   0.708333
2439  0.236111
5002  0.958333
1161  0.013889
2026-01-23 16:44:10,841 - variable_transformation_technique - INFO - robust_scaling started
2026-01-23 16:44:10,843 - variable_transformation_technique - INFO - Before X_train Data :       tenure
3772       1
5191      23
5226      12
5390      12
860       26
2026-01-23 16:44:10,845 - variable_transformation_technique - INFO - Before X_test Data :       tenure
6366      64
315       51
2439      17
5002      69
1161       1
2026-01-23 16:44:10,847 - variable_transformation_technique - INFO - robust_scaling Completed
2026-01-23 16:44:10,849 - variable_transformation_technique - INFO - After X_train Data :         tenure
3772 -0.608696
5191 -0.130435
5226 -0.369565
5390 -0.369565
860  -0.065217
2026-01-23 16:44:10,851 - variable_transformation_technique - INFO - After X_test Data :         tenure
6366  0.760870
315   0.478261
2439 -0.260870
5002  0.869565
1161 -0.608696
2026-01-23 16:44:10,852 - variable_transformation_technique - INFO - log_transform started
2026-01-23 16:44:10,854 - variable_transformation_technique - INFO - Before X_train Data :       tenure
3772       1
5191      23
5226      12
5390      12
860       26
2026-01-23 16:44:10,856 - variable_transformation_technique - INFO - Before X_test Data :       tenure
6366      64
315       51
2439      17
5002      69
1161       1
2026-01-23 16:44:10,856 - variable_transformation_technique - INFO - log_transform completed
2026-01-23 16:44:10,858 - variable_transformation_technique - INFO - After X_train Data :         tenure
3772  0.693147
5191  3.178054
5226  2.564949
5390  2.564949
860   3.295837
2026-01-23 16:44:10,860 - variable_transformation_technique - INFO - After X_test Data :         tenure
6366  4.174387
315   3.951244
2439  2.890372
5002  4.248495
1161  0.693147
2026-01-23 16:44:10,861 - variable_transformation_technique - INFO - power_transform started
2026-01-23 16:44:10,863 - variable_transformation_technique - INFO - Before X_train Data :       tenure
3772       1
5191      23
5226      12
5390      12
860       26
2026-01-23 16:44:10,865 - variable_transformation_technique - INFO - Before X_test Data :       tenure
6366      64
315       51
2439      17
5002      69
1161       1
2026-01-23 16:44:10,875 - variable_transformation_technique - INFO - power_transform Completed
2026-01-23 16:44:10,877 - variable_transformation_technique - INFO - After X_train Data :         tenure
3772 -1.654653
5191 -0.126689
5226 -0.674382
5390 -0.674382
860  -0.003000
2026-01-23 16:44:10,879 - variable_transformation_technique - INFO - After X_test Data :         tenure
6366  1.159455
315   0.819262
2439 -0.402561
5002  1.280224
1161 -1.654653
2026-01-23 16:44:10,880 - variable_transformation_technique - INFO - boxcox_transform started
2026-01-23 16:44:10,882 - variable_transformation_technique - INFO - Before X_train Data :       tenure
3772       1
5191      23
5226      12
5390      12
860       26
2026-01-23 16:44:10,884 - variable_transformation_technique - INFO - Before X_test Data :       tenure
6366      64
315       51
2439      17
5002      69
1161       1
2026-01-23 16:44:10,884 - variable_transformation_technique - INFO - boxcox_transform completed
2026-01-23 16:44:10,887 - variable_transformation_technique - INFO - After X_train Data :       tenure
3772       1
5191      23
5226      12
5390      12
860       26
2026-01-23 16:44:10,890 - variable_transformation_technique - INFO - After X_test Data :       tenure
6366      64
315       51
2439      17
5002      69
1161       1
2026-01-23 16:44:10,891 - variable_transformation_technique - INFO - quantile_transform started
2026-01-23 16:44:10,894 - variable_transformation_technique - INFO - Before X_train Data :       tenure
3772       1
5191      23
5226      12
5390      12
860       26
2026-01-23 16:44:10,895 - variable_transformation_technique - INFO - Before X_test Data :       tenure
6366      64
315       51
2439      17
5002      69
1161       1
2026-01-23 16:44:10,899 - variable_transformation_technique - INFO - quantile_transform Completed
2026-01-23 16:44:10,902 - variable_transformation_technique - INFO - After X_train Data :         tenure
3772 -1.705570
5191 -0.163824
5226 -0.523537
5390 -0.523537
860  -0.074087
2026-01-23 16:44:10,905 - variable_transformation_technique - INFO - After X_test Data :         tenure
6366  0.997920
315   0.552537
2439 -0.344154
5002  1.307063
1161 -1.705570
2026-01-23 16:44:10,906 - variable_transformation_technique - INFO - robust_scaling started
2026-01-23 16:44:10,909 - variable_transformation_technique - INFO - Before X_train Data :       tenure
3772       1
5191      23
5226      12
5390      12
860       26
2026-01-23 16:44:10,911 - variable_transformation_technique - INFO - Before X_test Data :       tenure
6366      64
315       51
2439      17
5002      69
1161       1
2026-01-23 16:44:10,913 - variable_transformation_technique - INFO - robust_scaling Completed
2026-01-23 16:44:10,915 - variable_transformation_technique - INFO - After X_train Data :         tenure
3772 -0.608696
5191 -0.130435
5226 -0.369565
5390 -0.369565
860  -0.065217
2026-01-23 16:44:10,917 - variable_transformation_technique - INFO - After X_test Data :         tenure
6366  0.760870
315   0.478261
2439 -0.260870
5002  0.869565
1161 -0.608696
2026-01-23 16:44:10,918 - variable_transformation_technique - INFO - standard_scaling started
2026-01-23 16:44:10,920 - variable_transformation_technique - INFO - Before X_train Data :       MonthlyCharges
3772           95.00
5191           91.10
5226           21.15
5390           99.45
860            19.80
2026-01-23 16:44:10,923 - variable_transformation_technique - INFO - Before X_test Data :       MonthlyCharges
6366           68.30
315           110.05
2439           19.90
5002           43.95
1161           31.35
2026-01-23 16:44:10,924 - variable_transformation_technique - INFO - standard_scaling Completed
2026-01-23 16:44:10,926 - variable_transformation_technique - INFO - After X_train Data :       MonthlyCharges
3772        1.001632
5191        0.872006
5226       -1.452945
5390        1.149538
860        -1.497815
2026-01-23 16:44:10,928 - variable_transformation_technique - INFO - After X_test Data :       MonthlyCharges
6366        0.114195
315         1.501854
2439       -1.494492
5002       -0.695134
1161       -1.113924
2026-01-23 16:44:10,930 - variable_transformation_technique - INFO - MinMax Scaling started
2026-01-23 16:44:10,932 - variable_transformation_technique - INFO - Before X_train Data :       MonthlyCharges
3772           95.00
5191           91.10
5226           21.15
5390           99.45
860            19.80
2026-01-23 16:44:10,935 - variable_transformation_technique - INFO - Before X_test Data :       MonthlyCharges
6366           68.30
315           110.05
2439           19.90
5002           43.95
1161           31.35
2026-01-23 16:44:10,936 - variable_transformation_technique - INFO - MinMax Scaling Completed
2026-01-23 16:44:10,938 - variable_transformation_technique - INFO - After X_train Data :       MonthlyCharges
3772        0.764823
5191        0.725959
5226        0.028899
5390        0.809168
860         0.015446
2026-01-23 16:44:10,940 - variable_transformation_technique - INFO - After X_test Data :       MonthlyCharges
6366        0.498754
315         0.914798
2439        0.016442
5002        0.256104
1161        0.130543
2026-01-23 16:44:10,941 - variable_transformation_technique - INFO - robust_scaling started
2026-01-23 16:44:10,943 - variable_transformation_technique - INFO - Before X_train Data :       MonthlyCharges
3772           95.00
5191           91.10
5226           21.15
5390           99.45
860            19.80
2026-01-23 16:44:10,945 - variable_transformation_technique - INFO - Before X_test Data :       MonthlyCharges
6366           68.30
315           110.05
2439           19.90
5002           43.95
1161           31.35
2026-01-23 16:44:10,948 - variable_transformation_technique - INFO - robust_scaling Completed
2026-01-23 16:44:10,950 - variable_transformation_technique - INFO - After X_train Data :       MonthlyCharges
3772        0.451672
5191        0.379700
5226       -0.911188
5390        0.533795
860        -0.936101
2026-01-23 16:44:10,952 - variable_transformation_technique - INFO - After X_test Data :       MonthlyCharges
6366       -0.041061
315         0.729412
2439       -0.934256
5002       -0.490427
1161       -0.722953
2026-01-23 16:44:10,953 - variable_transformation_technique - INFO - log_transform started
2026-01-23 16:44:10,955 - variable_transformation_technique - INFO - Before X_train Data :       MonthlyCharges
3772           95.00
5191           91.10
5226           21.15
5390           99.45
860            19.80
2026-01-23 16:44:10,957 - variable_transformation_technique - INFO - Before X_test Data :       MonthlyCharges
6366           68.30
315           110.05
2439           19.90
5002           43.95
1161           31.35
2026-01-23 16:44:10,957 - variable_transformation_technique - INFO - log_transform completed
2026-01-23 16:44:10,959 - variable_transformation_technique - INFO - After X_train Data :       MonthlyCharges
3772        4.564348
5191        4.522875
5226        3.097837
5390        4.609660
860         3.034953
2026-01-23 16:44:10,961 - variable_transformation_technique - INFO - After X_test Data :       MonthlyCharges
6366        4.238445
315         4.709981
2439        3.039749
5002        3.805551
1161        3.476614
2026-01-23 16:44:10,962 - variable_transformation_technique - INFO - power_transform started
2026-01-23 16:44:10,964 - variable_transformation_technique - INFO - Before X_train Data :       MonthlyCharges
3772           95.00
5191           91.10
5226           21.15
5390           99.45
860            19.80
2026-01-23 16:44:10,966 - variable_transformation_technique - INFO - Before X_test Data :       MonthlyCharges
6366           68.30
315           110.05
2439           19.90
5002           43.95
1161           31.35
2026-01-23 16:44:10,975 - variable_transformation_technique - INFO - power_transform Completed
2026-01-23 16:44:10,977 - variable_transformation_technique - INFO - After X_train Data :       MonthlyCharges
3772        0.996486
5191        0.871073
5226       -1.466939
5390        1.139170
860        -1.514882
2026-01-23 16:44:10,979 - variable_transformation_technique - INFO - After X_test Data :       MonthlyCharges
6366        0.130128
315         1.477370
2439       -1.511324
5002       -0.680031
1161       -1.110306
2026-01-23 16:44:10,980 - variable_transformation_technique - INFO - boxcox_transform started
2026-01-23 16:44:10,983 - variable_transformation_technique - INFO - Before X_train Data :       MonthlyCharges
3772           95.00
5191           91.10
5226           21.15
5390           99.45
860            19.80
2026-01-23 16:44:10,985 - variable_transformation_technique - INFO - Before X_test Data :       MonthlyCharges
6366           68.30
315           110.05
2439           19.90
5002           43.95
1161           31.35
2026-01-23 16:44:11,020 - variable_transformation_technique - INFO - boxcox_transform completed
2026-01-23 16:44:11,022 - variable_transformation_technique - INFO - After X_train Data :       MonthlyCharges
3772       71.888403
5191       69.113365
5226       17.103589
5390       75.044378
860        16.027367
2026-01-23 16:44:11,025 - variable_transformation_technique - INFO - After X_test Data :       MonthlyCharges
6366       52.695902
315        82.520233
2439       16.107272
5002       34.688015
1161       25.088763
2026-01-23 16:44:11,026 - variable_transformation_technique - INFO - quantile_transform started
2026-01-23 16:44:11,029 - variable_transformation_technique - INFO - Before X_train Data :       MonthlyCharges
3772           95.00
5191           91.10
5226           21.15
5390           99.45
860            19.80
2026-01-23 16:44:11,031 - variable_transformation_technique - INFO - Before X_test Data :       MonthlyCharges
6366           68.30
315           110.05
2439           19.90
5002           43.95
1161           31.35
2026-01-23 16:44:11,035 - variable_transformation_technique - INFO - quantile_transform Completed
2026-01-23 16:44:11,038 - variable_transformation_technique - INFO - After X_train Data :       MonthlyCharges
3772        0.893908
5191        0.744694
5226       -0.972106
5390        1.088723
860        -1.509656
2026-01-23 16:44:11,041 - variable_transformation_technique - INFO - After X_test Data :       MonthlyCharges
6366       -0.096336
315         1.890244
2439       -1.421556
5002       -0.603390
1161       -0.711139
2026-01-23 16:44:11,042 - variable_transformation_technique - INFO - quantile_transform started
2026-01-23 16:44:11,045 - variable_transformation_technique - INFO - Before X_train Data :       MonthlyCharges
3772           95.00
5191           91.10
5226           21.15
5390           99.45
860            19.80
2026-01-23 16:44:11,047 - variable_transformation_technique - INFO - Before X_test Data :       MonthlyCharges
6366           68.30
315           110.05
2439           19.90
5002           43.95
1161           31.35
2026-01-23 16:44:11,051 - variable_transformation_technique - INFO - quantile_transform Completed
2026-01-23 16:44:11,053 - variable_transformation_technique - INFO - After X_train Data :       MonthlyCharges
3772        0.893908
5191        0.744694
5226       -0.972106
5390        1.088723
860        -1.509656
2026-01-23 16:44:11,055 - variable_transformation_technique - INFO - After X_test Data :       MonthlyCharges
6366       -0.096336
315         1.890244
2439       -1.421556
5002       -0.603390
1161       -0.711139
2026-01-23 16:44:11,056 - variable_transformation_technique - INFO - standard_scaling started
2026-01-23 16:44:11,059 - variable_transformation_technique - INFO - Before X_train Data :       TotalCharges
3772         95.00
5191       2198.30
5226        306.05
5390       1200.15
860         457.30
2026-01-23 16:44:11,062 - variable_transformation_technique - INFO - Before X_test Data :       TotalCharges
6366       4378.80
315        5686.40
2439        329.75
5002       2960.10
1161         31.35
2026-01-23 16:44:11,064 - variable_transformation_technique - INFO - standard_scaling Completed
2026-01-23 16:44:11,067 - variable_transformation_technique - INFO - After X_train Data :       TotalCharges
3772     -0.968697
5191     -0.039251
5226     -0.875434
5390     -0.480333
860      -0.808597
2026-01-23 16:44:11,069 - variable_transformation_technique - INFO - After X_test Data :       TotalCharges
6366      0.924309
315       1.502136
2439     -0.864961
5002      0.297387
1161     -0.996824
2026-01-23 16:44:11,071 - variable_transformation_technique - INFO - MinMax Scaling started
2026-01-23 16:44:11,073 - variable_transformation_technique - INFO - Before X_train Data :       TotalCharges
3772         95.00
5191       2198.30
5226        306.05
5390       1200.15
860         457.30
2026-01-23 16:44:11,077 - variable_transformation_technique - INFO - Before X_test Data :       TotalCharges
6366       4378.80
315        5686.40
2439        329.75
5002       2960.10
1161         31.35
2026-01-23 16:44:11,078 - variable_transformation_technique - INFO - MinMax Scaling Completed
2026-01-23 16:44:11,081 - variable_transformation_technique - INFO - After X_train Data :       TotalCharges
3772      0.008793
5191      0.251500
5226      0.033147
5390      0.136320
860       0.050600
2026-01-23 16:44:11,084 - variable_transformation_technique - INFO - After X_test Data :       TotalCharges
6366      0.503116
315       0.654004
2439      0.035882
5002      0.339407
1161      0.001448
2026-01-23 16:44:11,085 - variable_transformation_technique - INFO - robust_scaling started
2026-01-23 16:44:11,087 - variable_transformation_technique - INFO - Before X_train Data :       TotalCharges
3772         95.00
5191       2198.30
5226        306.05
5390       1200.15
860         457.30
2026-01-23 16:44:11,091 - variable_transformation_technique - INFO - Before X_test Data :       TotalCharges
6366       4378.80
315        5686.40
2439        329.75
5002       2960.10
1161         31.35
2026-01-23 16:44:11,093 - variable_transformation_technique - INFO - robust_scaling Completed
2026-01-23 16:44:11,095 - variable_transformation_technique - INFO - After X_train Data :       TotalCharges
3772     -0.385447
5191      0.233109
5226     -0.323380
5390     -0.060435
860      -0.278899
2026-01-23 16:44:11,097 - variable_transformation_technique - INFO - After X_test Data :       TotalCharges
6366      0.874369
315       1.258919
2439     -0.316410
5002      0.457146
1161     -0.404166
2026-01-23 16:44:11,099 - variable_transformation_technique - INFO - log_transform started
2026-01-23 16:44:11,101 - variable_transformation_technique - INFO - Before X_train Data :       TotalCharges
3772         95.00
5191       2198.30
5226        306.05
5390       1200.15
860         457.30
2026-01-23 16:44:11,103 - variable_transformation_technique - INFO - Before X_test Data :       TotalCharges
6366       4378.80
315        5686.40
2439        329.75
5002       2960.10
1161         31.35
2026-01-23 16:44:11,103 - variable_transformation_technique - INFO - log_transform completed
2026-01-23 16:44:11,106 - variable_transformation_technique - INFO - After X_train Data :       TotalCharges
3772      4.564348
5191      7.695894
5226      5.727011
5390      7.091035
860       6.127524
2026-01-23 16:44:11,109 - variable_transformation_technique - INFO - After X_test Data :       TotalCharges
6366      8.384758
315       8.646008
2439      5.801363
5002      7.993316
1161      3.476614
2026-01-23 16:44:11,110 - variable_transformation_technique - INFO - power_transform started
2026-01-23 16:44:11,112 - variable_transformation_technique - INFO - Before X_train Data :       TotalCharges
3772         95.00
5191       2198.30
5226        306.05
5390       1200.15
860         457.30
2026-01-23 16:44:11,115 - variable_transformation_technique - INFO - Before X_test Data :       TotalCharges
6366       4378.80
315        5686.40
2439        329.75
5002       2960.10
1161         31.35
2026-01-23 16:44:11,127 - variable_transformation_technique - INFO - power_transform Completed
2026-01-23 16:44:11,130 - variable_transformation_technique - INFO - After X_train Data :       TotalCharges
3772     -1.439514
5191      0.374857
5226     -0.927848
5390     -0.097165
860      -0.713239
2026-01-23 16:44:11,132 - variable_transformation_technique - INFO - After X_test Data :       TotalCharges
6366      1.009454
315       1.280950
2439     -0.889653
5002      0.635182
1161     -1.798221
2026-01-23 16:44:11,133 - variable_transformation_technique - INFO - boxcox_transform started
2026-01-23 16:44:11,136 - variable_transformation_technique - INFO - Before X_train Data :       TotalCharges
3772         95.00
5191       2198.30
5226        306.05
5390       1200.15
860         457.30
2026-01-23 16:44:11,138 - variable_transformation_technique - INFO - Before X_test Data :       TotalCharges
6366       4378.80
315        5686.40
2439        329.75
5002       2960.10
1161         31.35
2026-01-23 16:44:11,161 - variable_transformation_technique - INFO - boxcox_transform completed
2026-01-23 16:44:11,163 - variable_transformation_technique - INFO - After X_train Data :       TotalCharges
3772      8.657908
5191     24.266873
5226     13.064157
5390     20.206597
860      14.909511
2026-01-23 16:44:11,167 - variable_transformation_technique - INFO - After X_test Data :       TotalCharges
6366     29.728978
315      32.066989
2439     13.392627
5002     26.507066
1161      5.544446
2026-01-23 16:44:11,168 - variable_transformation_technique - INFO - quantile_transform started
2026-01-23 16:44:11,170 - variable_transformation_technique - INFO - Before X_train Data :       TotalCharges
3772         95.00
5191       2198.30
5226        306.05
5390       1200.15
860         457.30
2026-01-23 16:44:11,173 - variable_transformation_technique - INFO - Before X_test Data :       TotalCharges
6366       4378.80
315        5686.40
2439        329.75
5002       2960.10
1161         31.35
2026-01-23 16:44:11,177 - variable_transformation_technique - INFO - quantile_transform Completed
2026-01-23 16:44:11,179 - variable_transformation_technique - INFO - After X_train Data :       TotalCharges
3772     -1.218230
5191      0.285781
5226     -0.791398
5390     -0.112459
860      -0.622217
2026-01-23 16:44:11,182 - variable_transformation_technique - INFO - After X_test Data :       TotalCharges
6366      0.820247
315       1.171230
2439     -0.764380
5002      0.477802
1161     -1.888356
2026-01-23 16:44:11,183 - variable_transformation_technique - INFO - quantile_transform started
2026-01-23 16:44:11,185 - variable_transformation_technique - INFO - Before X_train Data :       TotalCharges
3772         95.00
5191       2198.30
5226        306.05
5390       1200.15
860         457.30
2026-01-23 16:44:11,188 - variable_transformation_technique - INFO - Before X_test Data :       TotalCharges
6366       4378.80
315        5686.40
2439        329.75
5002       2960.10
1161         31.35
2026-01-23 16:44:11,192 - variable_transformation_technique - INFO - quantile_transform Completed
2026-01-23 16:44:11,195 - variable_transformation_technique - INFO - After X_train Data :       TotalCharges
3772     -1.218230
5191      0.285781
5226     -0.791398
5390     -0.112459
860      -0.622217
2026-01-23 16:44:11,198 - variable_transformation_technique - INFO - After X_test Data :       TotalCharges
6366      0.820247
315       1.171230
2439     -0.764380
5002      0.477802
1161     -1.888356
