2026-01-23 16:44:08,345 - Visualization - INFO - Plotting gender vs churn
2026-01-23 16:44:08,657 - Visualization - INFO - Saved plot: C:\Users\AUTODESIGN\Desktop\DataScience Projects\CustomerChurnPrediction\plots\gender_vs_churn.png
2026-01-23 16:44:08,657 - Visualization - INFO - Plotting churn distribution
2026-01-23 16:44:08,892 - Visualization - INFO - Saved plot: C:\Users\AUTODESIGN\Desktop\DataScience Projects\CustomerChurnPrediction\plots\churn_distribution.png
2026-01-23 16:44:08,892 - Visualization - INFO - Plotting tenure vs churn
2026-01-23 16:44:09,124 - Visualization - INFO - Saved plot: C:\Users\AUTODESIGN\Desktop\DataScience Projects\CustomerChurnPrediction\plots\tenure_vs_churn.png
2026-01-23 16:44:09,124 - Visualization - INFO - Plotting monthly charges vs churn
2026-01-23 16:44:09,385 - Visualization - INFO - Saved plot: C:\Users\AUTODESIGN\Desktop\DataScience Projects\CustomerChurnPrediction\plots\monthly_charges_vs_churn.png
2026-01-23 16:44:09,385 - Visualization - INFO - Plotting SeniorCitizen vs churn
2026-01-23 16:44:09,456 - Visualization - INFO - Senior_Gender vs Churn :
     telecom_partner  gender  SeniorCitizen Partner Dependents  tenure  ...        Contract PaperlessBilling              PaymentMethod MonthlyCharges TotalCharges Churn
20               Jio    Male              1      No         No       1  ...  Month-to-month              Yes           Electronic check          39.65        39.65     1
30          Vodafone  Female              1     Yes         No      71  ...        Two year              Yes    Credit card (automatic)          96.35      6766.95     0
31               Jio    Male              1     Yes         No       2  ...  Month-to-month              Yes    Credit card (automatic)          95.50       181.65     0
34              BSNL    Male              1      No         No       1  ...  Month-to-month               No  Bank transfer (automatic)          45.25        45.25     0
50          Vodafone  Female              1      No         No      43  ...  Month-to-month              Yes           Electronic check          90.25      3838.75     0
...              ...     ...            ...     ...        ...     ...  ...             ...              ...                        ...            ...          ...   ...
7023        Vodafone  Female              1     Yes         No      63  ...  Month-to-month              Yes           Electronic check         103.50      6479.40     0
7029        Vodafone  Female              1      No         No       6  ...  Month-to-month              Yes           Electronic check          44.40       263.05     0
7031            BSNL    Male              1     Yes         No      55  ...        One year               No    Credit card (automatic)          60.00      3316.10     0
7032             Jio    Male              1      No         No       1  ...  Month-to-month              Yes           Electronic check          75.75        75.75     1
7041             Jio    Male              1     Yes         No       4  ...  Month-to-month              Yes               Mailed check          74.40       306.60     1

[1142 rows x 21 columns]
2026-01-23 16:44:09,797 - Visualization - INFO - Saved plot: C:\Users\AUTODESIGN\Desktop\DataScience Projects\CustomerChurnPrediction\plots\Senior_gender_vs_churn.png
2026-01-23 16:44:09,797 - Visualization - INFO - Plotting Internet Service vs Gender
2026-01-23 16:44:09,805 - Visualization - INFO - Internet Service vs Gender Crosstab:
gender           Female  Male
InternetService              
DSL                1188  1233
Fiber optic        1553  1543
No                  747   779
2026-01-23 16:44:10,009 - Visualization - INFO - Saved plot: C:\Users\AUTODESIGN\Desktop\DataScience Projects\CustomerChurnPrediction\plots\internet_service_vs_gender.png
2026-01-23 16:44:10,009 - Visualization - INFO - Plotting Contract vs Churn
2026-01-23 16:44:10,017 - Visualization - INFO - Contract vs Churn Crosstab:
Churn              0     1
Contract                  
Month-to-month  2220  1655
One year        1307   166
Two year        1647    48
2026-01-23 16:44:10,226 - Visualization - INFO - Saved plot: C:\Users\AUTODESIGN\Desktop\DataScience Projects\CustomerChurnPrediction\plots\contract_vs_churn.png
2026-01-23 16:44:10,227 - Visualization - INFO - Plotting TelecomPartner vs Churn
2026-01-23 16:44:10,235 - Visualization - INFO - TelecomPartner vs Churn Crosstab:
Churn               0    1
telecom_partner           
Airtel           1267  462
BSNL             1312  443
Jio              1261  474
Vodafone         1334  490
2026-01-23 16:44:10,469 - Visualization - INFO - Saved plot: C:\Users\AUTODESIGN\Desktop\DataScience Projects\CustomerChurnPrediction\plots\telecom_partner_vs_churn.png
2026-01-23 16:44:10,469 - Visualization - INFO - Plotting PaymentMethod vs Churn (Stacked)
2026-01-23 16:44:10,476 - Visualization - INFO - PaymentMethod vs Churn Crosstab:
PaymentMethod  Bank transfer (automatic)  Credit card (automatic)  Electronic check  Mailed check
Churn                                                                                            
0                                   1286                     1290              1294          1304
1                                    258                      232              1071           308
2026-01-23 16:44:10,674 - Visualization - INFO - Saved plot: C:\Users\AUTODESIGN\Desktop\DataScience Projects\CustomerChurnPrediction\plots\PaymentMethod_vs_churn.png
