2026-01-23 16:44:13,703 - Data_Balancing - INFO - Before no_balance: No.of rows for Yes class : 1496
2026-01-23 16:44:13,704 - Data_Balancing - INFO - Before no_balance: No.of rows for No class : 4138
2026-01-23 16:44:13,704 - Data_Balancing - INFO - After no_balance: No.of rows for Yes class : 1496
2026-01-23 16:44:13,704 - Data_Balancing - INFO - After no_balance: No.of rows for No class : 4138
2026-01-23 16:44:13,759 - Data_Balancing - INFO - Before random_over_sampling: No.of rows for Yes class : 1496
2026-01-23 16:44:13,759 - Data_Balancing - INFO - Before random_over_sampling: No.of rows for No class : 4138
2026-01-23 16:44:13,763 - Data_Balancing - INFO - After random_over_sampling: No.of rows for Yes class : 4138
2026-01-23 16:44:13,763 - Data_Balancing - INFO - After random_over_sampling: No.of rows for No class : 4138
2026-01-23 16:44:13,816 - Data_Balancing - INFO - Before random_under_sampling: No.of rows for Yes class : 1496
2026-01-23 16:44:13,816 - Data_Balancing - INFO - Before random_under_sampling: No.of rows for No class : 4138
2026-01-23 16:44:13,819 - Data_Balancing - INFO - After random_under_sampling: No.of rows for Yes class : 1496
2026-01-23 16:44:13,819 - Data_Balancing - INFO - After random_under_sampling: No.of rows for No class : 1496
2026-01-23 16:44:13,862 - Data_Balancing - INFO - Before smote: No.of rows for Yes class : 1496
2026-01-23 16:44:13,862 - Data_Balancing - INFO - Before smote: No.of rows for No class : 4138
2026-01-23 16:44:13,870 - Data_Balancing - INFO - After smote: No.of rows for Yes class : 4138
2026-01-23 16:44:13,871 - Data_Balancing - INFO - After smote: No.of rows for No class : 4138
2026-01-23 16:44:13,927 - Data_Balancing - INFO - Before smote_tomek: No.of rows for Yes class : 1496
2026-01-23 16:44:13,928 - Data_Balancing - INFO - Before smote_tomek: No.of rows for No class : 4138
2026-01-23 16:44:13,970 - Data_Balancing - INFO - After smote_tomek: No.of rows for Yes class : 3714
2026-01-23 16:44:13,970 - Data_Balancing - INFO - After smote_tomek: No.of rows for No class : 3714
2026-01-23 16:44:14,027 - Data_Balancing - INFO - Before smote_enn: No.of rows for Yes class : 1496
2026-01-23 16:44:14,027 - Data_Balancing - INFO - Before smote_enn: No.of rows for No class : 4138
2026-01-23 16:44:14,082 - Data_Balancing - INFO - After smote_enn: No.of rows for Yes class : 2426
2026-01-23 16:44:14,083 - Data_Balancing - INFO - After smote_enn: No.of rows for No class : 2278
2026-01-23 16:44:14,123 - Data_Balancing - INFO - Before smote_enn: No.of rows for Yes class : 1496
2026-01-23 16:44:14,123 - Data_Balancing - INFO - Before smote_enn: No.of rows for No class : 4138
2026-01-23 16:44:14,175 - Data_Balancing - INFO - After smote_enn: No.of rows for Yes class : 2426
2026-01-23 16:44:14,175 - Data_Balancing - INFO - After smote_enn: No.of rows for No class : 2278
