2026-01-23 16:44:11,204 - outliers_techniques - INFO - Winsorization Started
2026-01-23 16:44:11,207 - outliers_techniques - INFO - Winsorization Completed
2026-01-23 16:44:11,209 - outliers_techniques - INFO - Robust Scaling Started
2026-01-23 16:44:11,211 - outliers_techniques - INFO - Robust Scaling Completed
2026-01-23 16:44:11,213 - outliers_techniques - INFO - Log Transform Started
2026-01-23 16:44:11,214 - outliers_techniques - INFO - Log Transform Completed
2026-01-23 16:44:11,215 - outliers_techniques - INFO - No Outlier Handling Applied
2026-01-23 16:44:11,217 - outliers_techniques - INFO - Winsorization Started
2026-01-23 16:44:11,220 - outliers_techniques - INFO - Winsorization Completed
2026-01-23 16:44:11,222 - outliers_techniques - INFO - Winsorization Started
2026-01-23 16:44:11,225 - outliers_techniques - INFO - Winsorization Completed
2026-01-23 16:44:11,228 - outliers_techniques - INFO - Robust Scaling Started
2026-01-23 16:44:11,231 - outliers_techniques - INFO - Robust Scaling Completed
2026-01-23 16:44:11,234 - outliers_techniques - INFO - Log Transform Started
2026-01-23 16:44:11,235 - outliers_techniques - INFO - Log Transform Completed
2026-01-23 16:44:11,237 - outliers_techniques - INFO - No Outlier Handling Applied
2026-01-23 16:44:11,241 - outliers_techniques - INFO - Winsorization Started
2026-01-23 16:44:11,245 - outliers_techniques - INFO - Winsorization Completed
2026-01-23 16:44:11,248 - outliers_techniques - INFO - Winsorization Started
2026-01-23 16:44:11,251 - outliers_techniques - INFO - Winsorization Completed
2026-01-23 16:44:11,253 - outliers_techniques - INFO - Robust Scaling Started
2026-01-23 16:44:11,256 - outliers_techniques - INFO - Robust Scaling Completed
2026-01-23 16:44:11,258 - outliers_techniques - INFO - Log Transform Started
2026-01-23 16:44:11,259 - outliers_techniques - INFO - Log Transform Completed
2026-01-23 16:44:11,261 - outliers_techniques - INFO - No Outlier Handling Applied
2026-01-23 16:44:11,263 - outliers_techniques - INFO - Winsorization Started
2026-01-23 16:44:11,266 - outliers_techniques - INFO - Winsorization Completed
2026-01-23 16:44:11,268 - outliers_techniques - INFO - Winsorization Started
2026-01-23 16:44:11,271 - outliers_techniques - INFO - Winsorization Completed
2026-01-23 16:44:11,274 - outliers_techniques - INFO - Robust Scaling Started
2026-01-23 16:44:11,278 - outliers_techniques - INFO - Robust Scaling Completed
2026-01-23 16:44:11,280 - outliers_techniques - INFO - Log Transform Started
2026-01-23 16:44:11,281 - outliers_techniques - INFO - Log Transform Completed
2026-01-23 16:44:11,282 - outliers_techniques - INFO - No Outlier Handling Applied
2026-01-23 16:44:11,284 - outliers_techniques - INFO - Winsorization Started
2026-01-23 16:44:11,286 - outliers_techniques - INFO - Winsorization Completed
